<?xml version="1.0" encoding="UTF-8"?>
<!-- Generated by org.testng.reporters.JUnitReportReporter -->
<testsuite skipped="0" hostname="LAPTOP-SET57JNS" name="com.newt.testcases.MTLogin" tests="1" failures="0" timestamp="14 Apr 2020 08:15:56 GMT" time="12.753" errors="0">
  <testcase name="verifylogin" time="12.753" classname="com.newt.testcases.MTLogin"/>
</testsuite> <!-- com.newt.testcases.MTLogin -->
