<?xml version="1.0" encoding="UTF-8"?>
<!-- Generated by org.testng.reporters.JUnitReportReporter -->
<testsuite skipped="0" hostname="LAPTOP-SET57JNS" name="com.newt.testcases.MTLogin" tests="1" failures="0" timestamp="15 Apr 2020 08:42:55 GMT" time="18.621" errors="0">
  <testcase name="LogincheckMT" time="18.621" classname="com.newt.testcases.MTLogin"/>
</testsuite> <!-- com.newt.testcases.MTLogin -->
